Copyright 1986-2017 Xilinx, Inc. All Rights Reserved.
------------------------------------------------------------------------------------------------------------------------------
| Tool Version : Vivado v.2017.3 (win64) Build 2018833 Wed Oct  4 19:58:22 MDT 2017
| Date         : Fri May  8 22:29:15 2020
| Host         : Jr-Mhamdan running 64-bit major release  (build 9200)
| Command      : report_drc -file CONV_LAYER_1_drc_routed.rpt -pb CONV_LAYER_1_drc_routed.pb -rpx CONV_LAYER_1_drc_routed.rpx
| Design       : CONV_LAYER_1
| Device       : xcku5p-sfvb784-1LV-i
| Speed File   : -1LV
| Design State : Routed
------------------------------------------------------------------------------------------------------------------------------

Report DRC

Table of Contents
-----------------
1. REPORT SUMMARY
2. REPORT DETAILS

1. REPORT SUMMARY
-----------------
            Netlist: netlist
          Floorplan: design_1
      Design limits: <entire design considered>
           Ruledeck: default
             Max violations: <unlimited>
             Violations found: 2
+--------+------------------+----------------------------+------------+
| Rule   | Severity         | Description                | Violations |
+--------+------------------+----------------------------+------------+
| NSTD-1 | Critical Warning | Unspecified I/O Standard   | 1          |
| UCIO-1 | Critical Warning | Unconstrained Logical Port | 1          |
+--------+------------------+----------------------------+------------+

2. REPORT DETAILS
-----------------
NSTD-1#1 Critical Warning
Unspecified I/O Standard  
26 out of 26 logical ports use I/O standard (IOSTANDARD) value 'DEFAULT', instead of a user assigned specific value. This may cause I/O contention or incompatibility with the board power or connectivity affecting performance, signal integrity or in extreme cases cause damage to the device or the components to which it is connected. To correct this violation, specify all I/O standards. This design will fail to generate a bitstream unless all logical ports have a user specified I/O standard value defined. To allow bitstream creation with unspecified I/O standard values (not recommended), use this command: set_property SEVERITY {Warning} [get_drc_checks NSTD-1].  NOTE: When using the Vivado Runs infrastructure (e.g. launch_runs Tcl command), add this command to a .tcl file and add that file as a pre-hook for write_bitstream step for the implementation run. Problem ports: DIN[7:0], DOUT_1_1[4:0], DOUT_2_1[4:0], CLK, DIS_STREAM, EN_LOC_STREAM_1, EN_STREAM, EN_STREAM_OUT_1, INTERNAL_RST, RST, VALID_OUT_1.
Related violations: <none>

UCIO-1#1 Critical Warning
Unconstrained Logical Port  
26 out of 26 logical ports have no user assigned specific location constraint (LOC). This may cause I/O contention or incompatibility with the board power or connectivity affecting performance, signal integrity or in extreme cases cause damage to the device or the components to which it is connected. To correct this violation, specify all pin locations. This design will fail to generate a bitstream unless all logical ports have a user specified site LOC constraint defined.  To allow bitstream creation with unspecified pin locations (not recommended), use this command: set_property SEVERITY {Warning} [get_drc_checks UCIO-1].  NOTE: When using the Vivado Runs infrastructure (e.g. launch_runs Tcl command), add this command to a .tcl file and add that file as a pre-hook for write_bitstream step for the implementation run.  Problem ports: DIN[7:0], DOUT_1_1[4:0], DOUT_2_1[4:0], CLK, DIS_STREAM, EN_LOC_STREAM_1, EN_STREAM, EN_STREAM_OUT_1, INTERNAL_RST, RST, VALID_OUT_1.
Related violations: <none>


